[2m2021-03-17 21:09:25.761[0;39m [] [32m INFO[0;39m [35m20324[0;39m [2m---[0;39m [2m[  restartedMain][0;39m [36mcom.revature.App                        [0;39m [2m:[0;39m Starting App using Java 15.0.1 on MSI with PID 20324 (C:\Users\rober\Documents\Revature\210201sre\Team42\Team-42\target\classes started by rober in C:\Users\rober\Documents\Revature\210201sre\Team42\Team-42)
[2m2021-03-17 21:09:27.785[0;39m [] [32m INFO[0;39m [35m20324[0;39m [2m---[0;39m [2m[  restartedMain][0;39m [36mcom.revature.App                        [0;39m [2m:[0;39m No active profile set, falling back to default profiles: default
[2m2021-03-17 21:09:39.326[0;39m [] [32m INFO[0;39m [35m20324[0;39m [2m---[0;39m [2m[  restartedMain][0;39m [36mcom.revature.App                        [0;39m [2m:[0;39m Started App in 16.388 seconds (JVM running for 18.894)
2021-03-19 12:14:13.472 []  INFO 19876 --- [           main] c.r.SpringDataDemoApplicationTests       : Starting SpringDataDemoApplicationTests using Java 11.0.6 on MSI with PID 19876 (started by rober in C:\Users\rober\Documents\Revature\210201sre\Team42\Team-42)
2021-03-19 12:14:15.484 []  INFO 19876 --- [           main] c.r.SpringDataDemoApplicationTests       : No active profile set, falling back to default profiles: default
2021-03-19 12:14:28.893 []  INFO 19876 --- [           main] c.r.SpringDataDemoApplicationTests       : Started SpringDataDemoApplicationTests in 17.863 seconds (JVM running for 19.33)
[2m2021-03-19 14:04:26.412[0;39m [] [32m INFO[0;39m [35m26080[0;39m [2m---[0;39m [2m[  restartedMain][0;39m [36mcom.revature.App                        [0;39m [2m:[0;39m Starting App using Java 15.0.1 on MSI with PID 26080 (C:\Users\rober\Documents\Revature\210201sre\Team42\Team-42\target\classes started by rober in C:\Users\rober\Documents\Revature\210201sre\Team42\Team-42)
[2m2021-03-19 14:04:28.420[0;39m [] [32m INFO[0;39m [35m26080[0;39m [2m---[0;39m [2m[  restartedMain][0;39m [36mcom.revature.App                        [0;39m [2m:[0;39m No active profile set, falling back to default profiles: default
[2m2021-03-19 14:04:35.314[0;39m [] [32m INFO[0;39m [35m26080[0;39m [2m---[0;39m [2m[  restartedMain][0;39m [36mcom.revature.App                        [0;39m [2m:[0;39m Started App in 11.165 seconds (JVM running for 12.007)
2021-03-19 14:30:29.284 []  INFO 22468 --- [           main] c.r.SpringDataDemoApplicationTests       : Starting SpringDataDemoApplicationTests using Java 11.0.6 on MSI with PID 22468 (started by rober in C:\Users\rober\Documents\Revature\210201sre\Team42\Team-42)
2021-03-19 14:30:31.316 []  INFO 22468 --- [           main] c.r.SpringDataDemoApplicationTests       : No active profile set, falling back to default profiles: default
2021-03-19 14:30:39.389 []  INFO 22468 --- [           main] c.r.SpringDataDemoApplicationTests       : Started SpringDataDemoApplicationTests in 13.106 seconds (JVM running for 15.899)
[2m2021-03-22 12:10:51.487[0;39m [] [32m INFO[0;39m [35m11592[0;39m [2m---[0;39m [2m[  restartedMain][0;39m [36mcom.revature.App                        [0;39m [2m:[0;39m Starting App using Java 15.0.1 on MSI with PID 11592 (C:\Users\rober\Documents\Revature\210201sre\Team42\Team-42\target\classes started by rober in C:\Users\rober\Documents\Revature\210201sre\Team42\Team-42)
[2m2021-03-22 12:10:53.499[0;39m [] [32m INFO[0;39m [35m11592[0;39m [2m---[0;39m [2m[  restartedMain][0;39m [36mcom.revature.App                        [0;39m [2m:[0;39m No active profile set, falling back to default profiles: default
[2m2021-03-22 12:11:01.544[0;39m [] [32m INFO[0;39m [35m11592[0;39m [2m---[0;39m [2m[  restartedMain][0;39m [36mcom.revature.App                        [0;39m [2m:[0;39m Started App in 12.41 seconds (JVM running for 13.524)
2021-03-22 13:57:42.329 []  INFO 980 --- [           main] c.r.SpringDataDemoApplicationTests       : Starting SpringDataDemoApplicationTests using Java 11.0.6 on MSI with PID 980 (started by rober in C:\Users\rober\Documents\Revature\210201sre\Team42\Team-42)
2021-03-22 13:57:44.360 []  INFO 980 --- [           main] c.r.SpringDataDemoApplicationTests       : No active profile set, falling back to default profiles: default
2021-03-22 13:57:52.758 []  INFO 980 --- [           main] c.r.SpringDataDemoApplicationTests       : Started SpringDataDemoApplicationTests in 12.886 seconds (JVM running for 15.325)
2021-03-22 14:01:57.243 []  INFO 17332 --- [           main] c.r.SpringDataDemoApplicationTests       : Starting SpringDataDemoApplicationTests using Java 11.0.6 on MSI with PID 17332 (started by rober in C:\Users\rober\Documents\Revature\210201sre\Team42\Team-42)
2021-03-22 14:01:59.278 []  INFO 17332 --- [           main] c.r.SpringDataDemoApplicationTests       : No active profile set, falling back to default profiles: default
2021-03-22 14:02:15.525 []  INFO 17332 --- [           main] c.r.SpringDataDemoApplicationTests       : Started SpringDataDemoApplicationTests in 20.754 seconds (JVM running for 23.143)
2021-03-22 14:08:15.339 []  INFO 15784 --- [           main] c.r.SpringDataDemoApplicationTests       : Starting SpringDataDemoApplicationTests using Java 11.0.6 on MSI with PID 15784 (started by rober in C:\Users\rober\Documents\Revature\210201sre\Team42\Team-42)
2021-03-22 14:08:17.381 []  INFO 15784 --- [           main] c.r.SpringDataDemoApplicationTests       : No active profile set, falling back to default profiles: default
2021-03-22 14:08:27.042 []  INFO 15784 --- [           main] c.r.SpringDataDemoApplicationTests       : Started SpringDataDemoApplicationTests in 14.238 seconds (JVM running for 17.04)
2021-03-22 14:49:47.169 []  INFO 30500 --- [           main] c.r.SpringDataDemoApplicationTests       : Starting SpringDataDemoApplicationTests using Java 11.0.6 on MSI with PID 30500 (started by rober in C:\Users\rober\Documents\Revature\210201sre\Team42\Team-42)
2021-03-22 14:49:49.205 []  INFO 30500 --- [           main] c.r.SpringDataDemoApplicationTests       : No active profile set, falling back to default profiles: default
2021-03-22 14:49:57.256 []  INFO 30500 --- [           main] c.r.SpringDataDemoApplicationTests       : Started SpringDataDemoApplicationTests in 12.68 seconds (JVM running for 15.079)
[2m2021-03-23 19:18:52.487[0;39m [] [32m INFO[0;39m [35m33560[0;39m [2m---[0;39m [2m[  restartedMain][0;39m [36mcom.revature.App                        [0;39m [2m:[0;39m Starting App using Java 15.0.1 on MSI with PID 33560 (C:\Users\rober\Documents\Revature\210201sre\Team42\Team-42\target\classes started by rober in C:\Users\rober\Documents\Revature\210201sre\Team42\Team-42)
[2m2021-03-23 19:18:54.506[0;39m [] [32m INFO[0;39m [35m33560[0;39m [2m---[0;39m [2m[  restartedMain][0;39m [36mcom.revature.App                        [0;39m [2m:[0;39m No active profile set, falling back to default profiles: default
[2m2021-03-23 19:24:40.449[0;39m [] [32m INFO[0;39m [35m34720[0;39m [2m---[0;39m [2m[  restartedMain][0;39m [36mcom.revature.App                        [0;39m [2m:[0;39m Starting App using Java 15.0.1 on MSI with PID 34720 (C:\Users\rober\Documents\Revature\210201sre\Team42\Team-42\target\classes started by rober in C:\Users\rober\Documents\Revature\210201sre\Team42\Team-42)
[2m2021-03-23 19:24:42.461[0;39m [] [32m INFO[0;39m [35m34720[0;39m [2m---[0;39m [2m[  restartedMain][0;39m [36mcom.revature.App                        [0;39m [2m:[0;39m No active profile set, falling back to default profiles: default
[2m2021-03-23 19:25:47.194[0;39m [] [32m INFO[0;39m [35m5524[0;39m [2m---[0;39m [2m[  restartedMain][0;39m [36mcom.revature.App                        [0;39m [2m:[0;39m Starting App using Java 15.0.1 on MSI with PID 5524 (C:\Users\rober\Documents\Revature\210201sre\Team42\Team-42\target\classes started by rober in C:\Users\rober\Documents\Revature\210201sre\Team42\Team-42)
[2m2021-03-23 19:25:49.216[0;39m [] [32m INFO[0;39m [35m5524[0;39m [2m---[0;39m [2m[  restartedMain][0;39m [36mcom.revature.App                        [0;39m [2m:[0;39m No active profile set, falling back to default profiles: default
[2m2021-03-23 19:25:58.898[0;39m [] [32m INFO[0;39m [35m5524[0;39m [2m---[0;39m [2m[  restartedMain][0;39m [36mcom.revature.App                        [0;39m [2m:[0;39m Started App in 14.133 seconds (JVM running for 15.74)
[2m2021-03-23 19:48:15.384[0;39m [] [32m INFO[0;39m [35m22844[0;39m [2m---[0;39m [2m[  restartedMain][0;39m [36mcom.revature.App                        [0;39m [2m:[0;39m Starting App using Java 15.0.1 on MSI with PID 22844 (C:\Users\rober\Documents\Revature\210201sre\Team42\Team-42\target\classes started by rober in C:\Users\rober\Documents\Revature\210201sre\Team42\Team-42)
[2m2021-03-23 19:48:17.396[0;39m [] [32m INFO[0;39m [35m22844[0;39m [2m---[0;39m [2m[  restartedMain][0;39m [36mcom.revature.App                        [0;39m [2m:[0;39m No active profile set, falling back to default profiles: default
[2m2021-03-23 19:52:29.318[0;39m [] [32m INFO[0;39m [35m13980[0;39m [2m---[0;39m [2m[  restartedMain][0;39m [36mcom.revature.App                        [0;39m [2m:[0;39m Starting App using Java 15.0.1 on MSI with PID 13980 (C:\Users\rober\Documents\Revature\210201sre\Team42\Team-42\target\classes started by rober in C:\Users\rober\Documents\Revature\210201sre\Team42\Team-42)
[2m2021-03-23 19:52:31.327[0;39m [] [32m INFO[0;39m [35m13980[0;39m [2m---[0;39m [2m[  restartedMain][0;39m [36mcom.revature.App                        [0;39m [2m:[0;39m No active profile set, falling back to default profiles: default
[2m2021-03-23 19:52:39.361[0;39m [] [32m INFO[0;39m [35m13980[0;39m [2m---[0;39m [2m[  restartedMain][0;39m [36mcom.revature.App                        [0;39m [2m:[0;39m Started App in 12.391 seconds (JVM running for 13.441)
[2m2021-03-24 11:32:21.682[0;39m [] [32m INFO[0;39m [35m28708[0;39m [2m---[0;39m [2m[  restartedMain][0;39m [36mcom.revature.App                        [0;39m [2m:[0;39m Starting App using Java 15.0.1 on MSI with PID 28708 (C:\Users\rober\Documents\Revature\210201sre\Team42\Team-42\target\classes started by rober in C:\Users\rober\Documents\Revature\210201sre\Team42\Team-42)
[2m2021-03-24 11:32:23.705[0;39m [] [32m INFO[0;39m [35m28708[0;39m [2m---[0;39m [2m[  restartedMain][0;39m [36mcom.revature.App                        [0;39m [2m:[0;39m No active profile set, falling back to default profiles: default
[2m2021-03-24 11:37:09.031[0;39m [] [32m INFO[0;39m [35m17440[0;39m [2m---[0;39m [2m[  restartedMain][0;39m [36mcom.revature.App                        [0;39m [2m:[0;39m Starting App using Java 15.0.1 on MSI with PID 17440 (C:\Users\rober\Documents\Revature\210201sre\Team42\Team-42\target\classes started by rober in C:\Users\rober\Documents\Revature\210201sre\Team42\Team-42)
[2m2021-03-24 11:37:11.046[0;39m [] [32m INFO[0;39m [35m17440[0;39m [2m---[0;39m [2m[  restartedMain][0;39m [36mcom.revature.App                        [0;39m [2m:[0;39m No active profile set, falling back to default profiles: default
[2m2021-03-24 11:37:24.577[0;39m [] [32m INFO[0;39m [35m17440[0;39m [2m---[0;39m [2m[  restartedMain][0;39m [36mcom.revature.App                        [0;39m [2m:[0;39m Started App in 18.077 seconds (JVM running for 19.771)
